Top-level error
---------------
Traceback (most recent call last):
  File "/home/magranro/code/newseye/pimlico/src/python/pimlico/core/modules/execute.py", line 300, in execute_modules
    end_status = executor(module, debug=debug, force_rerun=force_rerun).execute()
  File "/home/magranro/code/newseye/pimlico/src/python/pimlico/core/modules/map/__init__.py", line 125, in __init__
    self.input_corpora = self.info.input_corpora
  File "/home/magranro/code/newseye/pimlico/src/python/pimlico/core/modules/map/__init__.py", line 62, in _load_input_readers
    readers = [self.get_input(input_name) for input_name in self.input_names]
  File "/home/magranro/code/newseye/pimlico/src/python/pimlico/core/modules/map/__init__.py", line 62, in <listcomp>
    readers = [self.get_input(input_name) for input_name in self.input_names]
  File "/home/magranro/code/newseye/pimlico/src/python/pimlico/core/modules/base.py", line 757, in get_input
    return input_setups.get_reader(self.pipeline, self.module_name)
  File "/home/magranro/code/newseye/pimlico/src/python/pimlico/datatypes/base.py", line 668, in get_reader
    return self.reader_type(self.datatype, self, pipeline, module=module)
  File "/home/magranro/code/newseye/pimlico/src/python/pimlico/datatypes/corpora/grouped.py", line 98, in __init__
    super(GroupedCorpus.Reader, self).__init__(*args, **kwargs)
  File "/home/magranro/code/newseye/pimlico/src/python/pimlico/datatypes/corpora/base.py", line 156, in __init__
    self.datatype.data_point_type.reader_init(self)
  File "/home/magranro/code/newseye/pimlico/src/python/pimlico/datatypes/corpora/ints.py", line 58, in reader_init
    self.row_length_bytes = self.metadata["row_length_bytes"]
KeyError: 'row_length_bytes'

The above exception was the direct cause of the following exception:

Traceback (most recent call last):
  File "/home/magranro/code/newseye/pimlico/src/python/pimlico/core/modules/execute.py", line 313, in execute_modules
    e
  File "/home/magranro/code/newseye/pimlico/lib/test_env/lib/python3.5/site-packages/future/utils/__init__.py", line 403, in raise_from
    exec(execstr, myglobals, mylocals)
  File "<string>", line 1, in <module>
pimlico.core.modules.execute.ModuleExecutionError: 'row_length_bytes'


Details of error
----------------
pimlico.core.modules.execute.ModuleExecutionError: 'row_length_bytes'

## Further debugging info ##
Uncaught exception in executor. Traceback from original exception: 
  File "/home/magranro/code/newseye/pimlico/src/python/pimlico/core/modules/execute.py", line 300, in execute_modules
    end_status = executor(module, debug=debug, force_rerun=force_rerun).execute()
  File "/home/magranro/code/newseye/pimlico/src/python/pimlico/core/modules/map/__init__.py", line 125, in __init__
    self.input_corpora = self.info.input_corpora
  File "/home/magranro/code/newseye/pimlico/src/python/pimlico/core/modules/map/__init__.py", line 62, in _load_input_readers
    readers = [self.get_input(input_name) for input_name in self.input_names]
  File "/home/magranro/code/newseye/pimlico/src/python/pimlico/core/modules/map/__init__.py", line 62, in <listcomp>
    readers = [self.get_input(input_name) for input_name in self.input_names]
  File "/home/magranro/code/newseye/pimlico/src/python/pimlico/core/modules/base.py", line 757, in get_input
    return input_setups.get_reader(self.pipeline, self.module_name)
  File "/home/magranro/code/newseye/pimlico/src/python/pimlico/datatypes/base.py", line 668, in get_reader
    return self.reader_type(self.datatype, self, pipeline, module=module)
  File "/home/magranro/code/newseye/pimlico/src/python/pimlico/datatypes/corpora/grouped.py", line 98, in __init__
    super(GroupedCorpus.Reader, self).__init__(*args, **kwargs)
  File "/home/magranro/code/newseye/pimlico/src/python/pimlico/datatypes/corpora/base.py", line 156, in __init__
    self.datatype.data_point_type.reader_init(self)
  File "/home/magranro/code/newseye/pimlico/src/python/pimlico/datatypes/corpora/ints.py", line 58, in reader_init
    self.row_length_bytes = self.metadata["row_length_bytes"]

